<?xml version="1.0" encoding="UTF-8"?>
<!-- Generated by org.testng.reporters.JUnitReportReporter -->
<testsuite skipped="0" hostname="Aslanbeks-MacBook-Pro.local" name="com.app.runners.CukesRunner" tests="2" failures="0" timestamp="16 Apr 2018 15:54:09 GMT" time="0.028" errors="2">
  <testcase name="runScenario" time="0.023" classname="com.app.runners.CukesRunner">
    <error/>
  </testcase> <!-- runScenario -->
  <testcase name="runScenario" time="0.005" classname="com.app.runners.CukesRunner">
    <error/>
  </testcase> <!-- runScenario -->
</testsuite> <!-- com.app.runners.CukesRunner -->
